The target system is: Linux -  - RPi-arm
The host system is: Linux - 5.4.0-148-generic - x86_64
Compiling the C compiler identification source file "CMakeCCompilerId.c" succeeded.
Compiler: /opt/cross-pi-gcc/install/bin/arm-linux-gnueabihf-gcc 
Build flags: -Wno-psabi
Id flags:  

The output was:
0


Compilation of the C compiler identification source "CMakeCCompilerId.c" produced "a.out"

The C compiler identification is GNU, found in "/home/dmounday/gatespace/TR-143-Server/build/CMakeFiles/3.22.0-rc1/CompilerIdC/a.out"

Detecting C compiler ABI info compiled with the following output:
Change Dir: /home/dmounday/gatespace/TR-143-Server/build/CMakeFiles/CMakeTmp

Run Build Command(s):/usr/bin/make -f Makefile cmTC_fd137/fast && /usr/bin/make  -f CMakeFiles/cmTC_fd137.dir/build.make CMakeFiles/cmTC_fd137.dir/build
make[1]: Entering directory '/home/dmounday/gatespace/TR-143-Server/build/CMakeFiles/CMakeTmp'
Building C object CMakeFiles/cmTC_fd137.dir/CMakeCCompilerABI.c.o
/opt/cross-pi-gcc/install/bin/arm-linux-gnueabihf-gcc   -Wno-psabi    -v -o CMakeFiles/cmTC_fd137.dir/CMakeCCompilerABI.c.o -c /usr/local/share/cmake-3.22/Modules/CMakeCCompilerABI.c
Using built-in specs.
COLLECT_GCC=/opt/cross-pi-gcc/install/bin/arm-linux-gnueabihf-gcc
Target: arm-linux-gnueabihf
Configured with: ../gcc_source/configure --prefix=/opt/cross-pi-gcc/install --target=arm-linux-gnueabihf --with-arch=armv8-a --with-tune=cortex-a53 --with-fpu=vfp --with-float=hard --disable-multilib --with-sysroot=/opt/cross-pi-gcc/sysroot --enable-languages=c,c++,go,d
Thread model: posix
Supported LTO compression algorithms: zlib
gcc version 10.2.0 (GCC) 
COLLECT_GCC_OPTIONS='-Wno-psabi' '-v' '-o' 'CMakeFiles/cmTC_fd137.dir/CMakeCCompilerABI.c.o' '-c'  '-mtune=cortex-a53' '-mfloat-abi=hard' '-mfpu=vfp' '-mtls-dialect=gnu' '-marm' '-march=armv8-a+simd'
 /opt/cross-pi-gcc-10.2.0-arm8-a/install/bin/../libexec/gcc/arm-linux-gnueabihf/10.2.0/cc1 -quiet -v -imultilib . -imultiarch arm-linux-gnueabihf -iprefix /opt/cross-pi-gcc-10.2.0-arm8-a/install/bin/../lib/gcc/arm-linux-gnueabihf/10.2.0/ /usr/local/share/cmake-3.22/Modules/CMakeCCompilerABI.c -quiet -dumpbase CMakeCCompilerABI.c -mtune=cortex-a53 -mfloat-abi=hard -mfpu=vfp -mtls-dialect=gnu -marm -march=armv8-a+simd -auxbase-strip CMakeFiles/cmTC_fd137.dir/CMakeCCompilerABI.c.o -Wno-psabi -version -o /tmp/ccX3ULyq.s
GNU C17 (GCC) version 10.2.0 (arm-linux-gnueabihf)
	compiled by GNU C version 10.3.0, GMP version 6.1.2, MPFR version 4.0.1, MPC version 1.1.0, isl version none
warning: GMP header version 6.1.2 differs from library version 6.2.0.
warning: MPFR header version 4.0.1 differs from library version 4.0.2.
GGC heuristics: --param ggc-min-expand=100 --param ggc-min-heapsize=131072
ignoring duplicate directory "/opt/cross-pi-gcc-10.2.0-arm8-a/install/bin/../lib/gcc/../../lib/gcc/arm-linux-gnueabihf/10.2.0/include"
ignoring nonexistent directory "/opt/cross-pi-gcc/sysroot/usr/local/include/arm-linux-gnueabihf"
ignoring duplicate directory "/opt/cross-pi-gcc-10.2.0-arm8-a/install/bin/../lib/gcc/../../lib/gcc/arm-linux-gnueabihf/10.2.0/include-fixed"
ignoring duplicate directory "/opt/cross-pi-gcc-10.2.0-arm8-a/install/bin/../lib/gcc/../../lib/gcc/arm-linux-gnueabihf/10.2.0/../../../../arm-linux-gnueabihf/include"
#include "..." search starts here:
#include <...> search starts here:
 /opt/cross-pi-gcc-10.2.0-arm8-a/install/bin/../lib/gcc/arm-linux-gnueabihf/10.2.0/include
 /opt/cross-pi-gcc-10.2.0-arm8-a/install/bin/../lib/gcc/arm-linux-gnueabihf/10.2.0/include-fixed
 /opt/cross-pi-gcc-10.2.0-arm8-a/install/bin/../lib/gcc/arm-linux-gnueabihf/10.2.0/../../../../arm-linux-gnueabihf/include
 /opt/cross-pi-gcc/sysroot/usr/local/include
 /opt/cross-pi-gcc/sysroot/usr/include/arm-linux-gnueabihf
 /opt/cross-pi-gcc/sysroot/usr/include
End of search list.
GNU C17 (GCC) version 10.2.0 (arm-linux-gnueabihf)
	compiled by GNU C version 10.3.0, GMP version 6.1.2, MPFR version 4.0.1, MPC version 1.1.0, isl version none
warning: GMP header version 6.1.2 differs from library version 6.2.0.
warning: MPFR header version 4.0.1 differs from library version 4.0.2.
GGC heuristics: --param ggc-min-expand=100 --param ggc-min-heapsize=131072
Compiler executable checksum: 90e4775f046f0e9b54f45e5b2b6a0983
COLLECT_GCC_OPTIONS='-Wno-psabi' '-v' '-o' 'CMakeFiles/cmTC_fd137.dir/CMakeCCompilerABI.c.o' '-c'  '-mtune=cortex-a53' '-mfloat-abi=hard' '-mfpu=vfp' '-mtls-dialect=gnu' '-marm' '-march=armv8-a+simd'
 /opt/cross-pi-gcc-10.2.0-arm8-a/install/bin/../lib/gcc/arm-linux-gnueabihf/10.2.0/../../../../arm-linux-gnueabihf/bin/as -v -march=armv8-a -mfloat-abi=hard -mfpu=vfp -meabi=5 -o CMakeFiles/cmTC_fd137.dir/CMakeCCompilerABI.c.o /tmp/ccX3ULyq.s
GNU assembler version 2.31 (arm-linux-gnueabihf) using BFD version (GNU Binutils) 2.31
COMPILER_PATH=/opt/cross-pi-gcc-10.2.0-arm8-a/install/bin/../libexec/gcc/arm-linux-gnueabihf/10.2.0/:/opt/cross-pi-gcc-10.2.0-arm8-a/install/bin/../libexec/gcc/arm-linux-gnueabihf/:/opt/cross-pi-gcc-10.2.0-arm8-a/install/bin/../libexec/gcc/:/opt/cross-pi-gcc-10.2.0-arm8-a/install/bin/../lib/gcc/arm-linux-gnueabihf/10.2.0/../../../../arm-linux-gnueabihf/bin/
LIBRARY_PATH=/opt/cross-pi-gcc-10.2.0-arm8-a/install/bin/../lib/gcc/arm-linux-gnueabihf/10.2.0/:/opt/cross-pi-gcc-10.2.0-arm8-a/install/bin/../lib/gcc/arm-linux-gnueabihf/:/opt/cross-pi-gcc-10.2.0-arm8-a/install/bin/../lib/gcc/:/opt/cross-pi-gcc-10.2.0-arm8-a/install/bin/../lib/gcc/arm-linux-gnueabihf/10.2.0/../../../../arm-linux-gnueabihf/lib/:/opt/cross-pi-gcc/sysroot/lib/arm-linux-gnueabihf/:/opt/cross-pi-gcc/sysroot/lib/:/opt/cross-pi-gcc/sysroot/usr/lib/arm-linux-gnueabihf/:/opt/cross-pi-gcc/sysroot/usr/lib/
COLLECT_GCC_OPTIONS='-Wno-psabi' '-v' '-o' 'CMakeFiles/cmTC_fd137.dir/CMakeCCompilerABI.c.o' '-c'  '-mtune=cortex-a53' '-mfloat-abi=hard' '-mfpu=vfp' '-mtls-dialect=gnu' '-marm' '-march=armv8-a+simd'
Linking C static library libcmTC_fd137.a
/usr/local/bin/cmake -P CMakeFiles/cmTC_fd137.dir/cmake_clean_target.cmake
/usr/local/bin/cmake -E cmake_link_script CMakeFiles/cmTC_fd137.dir/link.txt --verbose=1
/opt/cross-pi-gcc/install/bin/arm-linux-gnueabihf-ar qc libcmTC_fd137.a CMakeFiles/cmTC_fd137.dir/CMakeCCompilerABI.c.o
/opt/cross-pi-gcc/install/bin/arm-linux-gnueabihf-ranlib libcmTC_fd137.a
make[1]: Leaving directory '/home/dmounday/gatespace/TR-143-Server/build/CMakeFiles/CMakeTmp'



Parsed C implicit include dir info from above output: rv=done
  found start of include info
  found start of implicit include info
    add: [/opt/cross-pi-gcc-10.2.0-arm8-a/install/bin/../lib/gcc/arm-linux-gnueabihf/10.2.0/include]
    add: [/opt/cross-pi-gcc-10.2.0-arm8-a/install/bin/../lib/gcc/arm-linux-gnueabihf/10.2.0/include-fixed]
    add: [/opt/cross-pi-gcc-10.2.0-arm8-a/install/bin/../lib/gcc/arm-linux-gnueabihf/10.2.0/../../../../arm-linux-gnueabihf/include]
    add: [/opt/cross-pi-gcc/sysroot/usr/local/include]
    add: [/opt/cross-pi-gcc/sysroot/usr/include/arm-linux-gnueabihf]
    add: [/opt/cross-pi-gcc/sysroot/usr/include]
  end of search list found
  collapse include dir [/opt/cross-pi-gcc-10.2.0-arm8-a/install/bin/../lib/gcc/arm-linux-gnueabihf/10.2.0/include] ==> [/opt/cross-pi-gcc-10.2.0-arm8-a/install/lib/gcc/arm-linux-gnueabihf/10.2.0/include]
  collapse include dir [/opt/cross-pi-gcc-10.2.0-arm8-a/install/bin/../lib/gcc/arm-linux-gnueabihf/10.2.0/include-fixed] ==> [/opt/cross-pi-gcc-10.2.0-arm8-a/install/lib/gcc/arm-linux-gnueabihf/10.2.0/include-fixed]
  collapse include dir [/opt/cross-pi-gcc-10.2.0-arm8-a/install/bin/../lib/gcc/arm-linux-gnueabihf/10.2.0/../../../../arm-linux-gnueabihf/include] ==> [/opt/cross-pi-gcc-10.2.0-arm8-a/install/arm-linux-gnueabihf/include]
  collapse include dir [/opt/cross-pi-gcc/sysroot/usr/local/include] ==> [/opt/cross-pi-gcc/sysroot/usr/local/include]
  collapse include dir [/opt/cross-pi-gcc/sysroot/usr/include/arm-linux-gnueabihf] ==> [/opt/cross-pi-gcc/sysroot/usr/include/arm-linux-gnueabihf]
  collapse include dir [/opt/cross-pi-gcc/sysroot/usr/include] ==> [/opt/cross-pi-gcc/sysroot/usr/include]
  implicit include dirs: [/opt/cross-pi-gcc-10.2.0-arm8-a/install/lib/gcc/arm-linux-gnueabihf/10.2.0/include;/opt/cross-pi-gcc-10.2.0-arm8-a/install/lib/gcc/arm-linux-gnueabihf/10.2.0/include-fixed;/opt/cross-pi-gcc-10.2.0-arm8-a/install/arm-linux-gnueabihf/include;/opt/cross-pi-gcc/sysroot/usr/local/include;/opt/cross-pi-gcc/sysroot/usr/include/arm-linux-gnueabihf;/opt/cross-pi-gcc/sysroot/usr/include]


Parsed C implicit link information from above output:
  link line regex: [^( *|.*[/\])(arm-linux-gnueabihf-ld|CMAKE_LINK_STARTFILE-NOTFOUND|([^/\]+-)?ld|collect2)[^/\]*( |$)]
  ignore line: [Change Dir: /home/dmounday/gatespace/TR-143-Server/build/CMakeFiles/CMakeTmp]
  ignore line: []
  ignore line: [Run Build Command(s):/usr/bin/make -f Makefile cmTC_fd137/fast && /usr/bin/make  -f CMakeFiles/cmTC_fd137.dir/build.make CMakeFiles/cmTC_fd137.dir/build]
  ignore line: [make[1]: Entering directory '/home/dmounday/gatespace/TR-143-Server/build/CMakeFiles/CMakeTmp']
  ignore line: [Building C object CMakeFiles/cmTC_fd137.dir/CMakeCCompilerABI.c.o]
  ignore line: [/opt/cross-pi-gcc/install/bin/arm-linux-gnueabihf-gcc   -Wno-psabi    -v -o CMakeFiles/cmTC_fd137.dir/CMakeCCompilerABI.c.o -c /usr/local/share/cmake-3.22/Modules/CMakeCCompilerABI.c]
  ignore line: [Using built-in specs.]
  ignore line: [COLLECT_GCC=/opt/cross-pi-gcc/install/bin/arm-linux-gnueabihf-gcc]
  ignore line: [Target: arm-linux-gnueabihf]
  ignore line: [Configured with: ../gcc_source/configure --prefix=/opt/cross-pi-gcc/install --target=arm-linux-gnueabihf --with-arch=armv8-a --with-tune=cortex-a53 --with-fpu=vfp --with-float=hard --disable-multilib --with-sysroot=/opt/cross-pi-gcc/sysroot --enable-languages=c c++ go d]
  ignore line: [Thread model: posix]
  ignore line: [Supported LTO compression algorithms: zlib]
  ignore line: [gcc version 10.2.0 (GCC) ]
  ignore line: [COLLECT_GCC_OPTIONS='-Wno-psabi' '-v' '-o' 'CMakeFiles/cmTC_fd137.dir/CMakeCCompilerABI.c.o' '-c'  '-mtune=cortex-a53' '-mfloat-abi=hard' '-mfpu=vfp' '-mtls-dialect=gnu' '-marm' '-march=armv8-a+simd']
  ignore line: [ /opt/cross-pi-gcc-10.2.0-arm8-a/install/bin/../libexec/gcc/arm-linux-gnueabihf/10.2.0/cc1 -quiet -v -imultilib . -imultiarch arm-linux-gnueabihf -iprefix /opt/cross-pi-gcc-10.2.0-arm8-a/install/bin/../lib/gcc/arm-linux-gnueabihf/10.2.0/ /usr/local/share/cmake-3.22/Modules/CMakeCCompilerABI.c -quiet -dumpbase CMakeCCompilerABI.c -mtune=cortex-a53 -mfloat-abi=hard -mfpu=vfp -mtls-dialect=gnu -marm -march=armv8-a+simd -auxbase-strip CMakeFiles/cmTC_fd137.dir/CMakeCCompilerABI.c.o -Wno-psabi -version -o /tmp/ccX3ULyq.s]
  ignore line: [GNU C17 (GCC) version 10.2.0 (arm-linux-gnueabihf)]
  ignore line: [	compiled by GNU C version 10.3.0  GMP version 6.1.2  MPFR version 4.0.1  MPC version 1.1.0  isl version none]
  ignore line: [warning: GMP header version 6.1.2 differs from library version 6.2.0.]
  ignore line: [warning: MPFR header version 4.0.1 differs from library version 4.0.2.]
  ignore line: [GGC heuristics: --param ggc-min-expand=100 --param ggc-min-heapsize=131072]
  ignore line: [ignoring duplicate directory "/opt/cross-pi-gcc-10.2.0-arm8-a/install/bin/../lib/gcc/../../lib/gcc/arm-linux-gnueabihf/10.2.0/include"]
  ignore line: [ignoring nonexistent directory "/opt/cross-pi-gcc/sysroot/usr/local/include/arm-linux-gnueabihf"]
  ignore line: [ignoring duplicate directory "/opt/cross-pi-gcc-10.2.0-arm8-a/install/bin/../lib/gcc/../../lib/gcc/arm-linux-gnueabihf/10.2.0/include-fixed"]
  ignore line: [ignoring duplicate directory "/opt/cross-pi-gcc-10.2.0-arm8-a/install/bin/../lib/gcc/../../lib/gcc/arm-linux-gnueabihf/10.2.0/../../../../arm-linux-gnueabihf/include"]
  ignore line: [#include "..." search starts here:]
  ignore line: [#include <...> search starts here:]
  ignore line: [ /opt/cross-pi-gcc-10.2.0-arm8-a/install/bin/../lib/gcc/arm-linux-gnueabihf/10.2.0/include]
  ignore line: [ /opt/cross-pi-gcc-10.2.0-arm8-a/install/bin/../lib/gcc/arm-linux-gnueabihf/10.2.0/include-fixed]
  ignore line: [ /opt/cross-pi-gcc-10.2.0-arm8-a/install/bin/../lib/gcc/arm-linux-gnueabihf/10.2.0/../../../../arm-linux-gnueabihf/include]
  ignore line: [ /opt/cross-pi-gcc/sysroot/usr/local/include]
  ignore line: [ /opt/cross-pi-gcc/sysroot/usr/include/arm-linux-gnueabihf]
  ignore line: [ /opt/cross-pi-gcc/sysroot/usr/include]
  ignore line: [End of search list.]
  ignore line: [GNU C17 (GCC) version 10.2.0 (arm-linux-gnueabihf)]
  ignore line: [	compiled by GNU C version 10.3.0  GMP version 6.1.2  MPFR version 4.0.1  MPC version 1.1.0  isl version none]
  ignore line: [warning: GMP header version 6.1.2 differs from library version 6.2.0.]
  ignore line: [warning: MPFR header version 4.0.1 differs from library version 4.0.2.]
  ignore line: [GGC heuristics: --param ggc-min-expand=100 --param ggc-min-heapsize=131072]
  ignore line: [Compiler executable checksum: 90e4775f046f0e9b54f45e5b2b6a0983]
  ignore line: [COLLECT_GCC_OPTIONS='-Wno-psabi' '-v' '-o' 'CMakeFiles/cmTC_fd137.dir/CMakeCCompilerABI.c.o' '-c'  '-mtune=cortex-a53' '-mfloat-abi=hard' '-mfpu=vfp' '-mtls-dialect=gnu' '-marm' '-march=armv8-a+simd']
  ignore line: [ /opt/cross-pi-gcc-10.2.0-arm8-a/install/bin/../lib/gcc/arm-linux-gnueabihf/10.2.0/../../../../arm-linux-gnueabihf/bin/as -v -march=armv8-a -mfloat-abi=hard -mfpu=vfp -meabi=5 -o CMakeFiles/cmTC_fd137.dir/CMakeCCompilerABI.c.o /tmp/ccX3ULyq.s]
  ignore line: [GNU assembler version 2.31 (arm-linux-gnueabihf) using BFD version (GNU Binutils) 2.31]
  ignore line: [COMPILER_PATH=/opt/cross-pi-gcc-10.2.0-arm8-a/install/bin/../libexec/gcc/arm-linux-gnueabihf/10.2.0/:/opt/cross-pi-gcc-10.2.0-arm8-a/install/bin/../libexec/gcc/arm-linux-gnueabihf/:/opt/cross-pi-gcc-10.2.0-arm8-a/install/bin/../libexec/gcc/:/opt/cross-pi-gcc-10.2.0-arm8-a/install/bin/../lib/gcc/arm-linux-gnueabihf/10.2.0/../../../../arm-linux-gnueabihf/bin/]
  ignore line: [LIBRARY_PATH=/opt/cross-pi-gcc-10.2.0-arm8-a/install/bin/../lib/gcc/arm-linux-gnueabihf/10.2.0/:/opt/cross-pi-gcc-10.2.0-arm8-a/install/bin/../lib/gcc/arm-linux-gnueabihf/:/opt/cross-pi-gcc-10.2.0-arm8-a/install/bin/../lib/gcc/:/opt/cross-pi-gcc-10.2.0-arm8-a/install/bin/../lib/gcc/arm-linux-gnueabihf/10.2.0/../../../../arm-linux-gnueabihf/lib/:/opt/cross-pi-gcc/sysroot/lib/arm-linux-gnueabihf/:/opt/cross-pi-gcc/sysroot/lib/:/opt/cross-pi-gcc/sysroot/usr/lib/arm-linux-gnueabihf/:/opt/cross-pi-gcc/sysroot/usr/lib/]
  ignore line: [COLLECT_GCC_OPTIONS='-Wno-psabi' '-v' '-o' 'CMakeFiles/cmTC_fd137.dir/CMakeCCompilerABI.c.o' '-c'  '-mtune=cortex-a53' '-mfloat-abi=hard' '-mfpu=vfp' '-mtls-dialect=gnu' '-marm' '-march=armv8-a+simd']
  ignore line: [Linking C static library libcmTC_fd137.a]
  ignore line: [/usr/local/bin/cmake -P CMakeFiles/cmTC_fd137.dir/cmake_clean_target.cmake]
  ignore line: [/usr/local/bin/cmake -E cmake_link_script CMakeFiles/cmTC_fd137.dir/link.txt --verbose=1]
  ignore line: [/opt/cross-pi-gcc/install/bin/arm-linux-gnueabihf-ar qc libcmTC_fd137.a CMakeFiles/cmTC_fd137.dir/CMakeCCompilerABI.c.o]
  ignore line: [/opt/cross-pi-gcc/install/bin/arm-linux-gnueabihf-ranlib libcmTC_fd137.a]
  ignore line: [make[1]: Leaving directory '/home/dmounday/gatespace/TR-143-Server/build/CMakeFiles/CMakeTmp']
  ignore line: []
  ignore line: []
  implicit libs: []
  implicit objs: []
  implicit dirs: []
  implicit fwks: []


